--2019.3.7
1.初始化工程
--2019.3.21
1.使用自定义主题搭建了博客
--2019.5.23
1.重新初始化hexo,采用next主题重新开发
2.添加菜单
3.设置头像
4.next主题 - 增加文章阅读量统计功能(LeanCloud)
--2019.5.27
1.增加更新日志文件(update.log)
2.next主题 - 增加访问量统计功能(百度统计)
3.next主题 - 增加站点内容搜索(Local Search)
4.next主题 - 增加评论系统(LeanCloud)
5.更新next主题，从6版本开始，git地址换了，所以重新clone的，保留了之前5版本的主题，并进行了迁移
--2019.5.29
1.升级了next主题至7.1.1，并将原来主题配置文件的相应修改进行了迁移
2.新增一个github仓库用来部署hexo至github:
https://github.com/DreamCatcherLi/DreamCatcherLi.github.io.git
新增一个访问地址:https://dreamcatcherli.github.io
3.next主题 - 增加字数统计功能
4.next主题 - 修复LeanCloud阅读次数安全性bug
--2019.5.30
1.next主题 - 增加字数统计功能(换了一种新的方式)
2.next主题 - 自定义footer内容
3.增加背景图
--2019.5.31
1.next主题 - 增加访问量统计(不蒜子)pv/uv
2.更换背景图